# JRE version: 7.0_05-b05
# Java VM: Java HotSpot(TM) Client VM (23.1-b03 mixed mode, sharing windows-x86 )
Heap
 def new generation   total 30528K, used 17296K [0x24310000, 0x26430000, 0x29860000)
  eden space 27136K,  62% used [0x24310000, 0x253a3008, 0x25d90000)
  from space 3392K,   9% used [0x25d90000, 0x25de1028, 0x260e0000)
  to   space 3392K,   0% used [0x260e0000, 0x260e0000, 0x26430000)
 tenured generation   total 67672K, used 66430K [0x29860000, 0x2da76000, 0x34310000)
   the space 67672K,  98% used [0x29860000, 0x2d93f8c8, 0x2d93fa00, 0x2da76000)
 compacting perm gen  total 12288K, used 8416K [0x34310000, 0x34f10000, 0x38310000)
   the space 12288K,  68% used [0x34310000, 0x34b48068, 0x34b48200, 0x34f10000)
    ro space 10240K,  45% used [0x38310000, 0x38793960, 0x38793a00, 0x38d10000)
    rw space 12288K,  54% used [0x38d10000, 0x393974d8, 0x39397600, 0x39910000)
GC Heap History (10 events):
Event: 524.954 GC heap before
{Heap before GC invocations=619 (full 6):
 def new generation   total 30528K, used 27466K [0x24310000, 0x26430000, 0x29860000)
  eden space 27136K, 100% used [0x24310000, 0x25d90000, 0x25d90000)
  from space 3392K,   9% used [0x260e0000, 0x261328d8, 0x26430000)
  to   space 3392K,   0% used [0x25d90000, 0x25d90000, 0x260e0000)
 tenured generation   total 67672K, used 66430K [0x29860000, 0x2da76000, 0x34310000)
   the space 67672K,  98% used [0x29860000, 0x2d93f8c8, 0x2d93fa00, 0x2da76000)
 compacting perm gen  total 12288K, used 8374K [0x34310000, 0x34f10000, 0x38310000)
   the space 12288K,  68% used [0x34310000, 0x34b3daa0, 0x34b3dc00, 0x34f10000)
    ro space 10240K,  45% used [0x38310000, 0x38793960, 0x38793a00, 0x38d10000)
    rw space 12288K,  54% used [0x38d10000, 0x393974d8, 0x39397600, 0x39910000)
Event: 524.956 GC heap after
Heap after GC invocations=620 (full 6):
 def new generation   total 30528K, used 296K [0x24310000, 0x26430000, 0x29860000)
  eden space 27136K,   0% used [0x24310000, 0x24310000, 0x25d90000)
  from space 3392K,   8% used [0x25d90000, 0x25dda098, 0x260e0000)
  to   space 3392K,   0% used [0x260e0000, 0x260e0000, 0x26430000)
 tenured generation   total 67672K, used 66430K [0x29860000, 0x2da76000, 0x34310000)
   the space 67672K,  98% used [0x29860000, 0x2d93f8c8, 0x2d93fa00, 0x2da76000)
 compacting perm gen  total 12288K, used 8374K [0x34310000, 0x34f10000, 0x38310000)
   the space 12288K,  68% used [0x34310000, 0x34b3daa0, 0x34b3dc00, 0x34f10000)
    ro space 10240K,  45% used [0x38310000, 0x38793960, 0x38793a00, 0x38d10000)
    rw space 12288K,  54% used [0x38d10000, 0x393974d8, 0x39397600, 0x39910000)
}
Event: 525.936 GC heap before
{Heap before GC invocations=620 (full 6):
 def new generation   total 30528K, used 27432K [0x24310000, 0x26430000, 0x29860000)
  eden space 27136K, 100% used [0x24310000, 0x25d90000, 0x25d90000)
  from space 3392K,   8% used [0x25d90000, 0x25dda098, 0x260e0000)
  to   space 3392K,   0% used [0x260e0000, 0x260e0000, 0x26430000)
 tenured generation   total 67672K, used 66430K [0x29860000, 0x2da76000, 0x34310000)
   the space 67672K,  98% used [0x29860000, 0x2d93f8c8, 0x2d93fa00, 0x2da76000)
 compacting perm gen  total 12288K, used 8374K [0x34310000, 0x34f10000, 0x38310000)
   the space 12288K,  68% used [0x34310000, 0x34b3daa0, 0x34b3dc00, 0x34f10000)
    ro space 10240K,  45% used [0x38310000, 0x38793960, 0x38793a00, 0x38d10000)
    rw space 12288K,  54% used [0x38d10000, 0x393974d8, 0x39397600, 0x39910000)
Event: 525.938 GC heap after
Heap after GC invocations=621 (full 6):
 def new generation   total 30528K, used 292K [0x24310000, 0x26430000, 0x29860000)
  eden space 27136K,   0% used [0x24310000, 0x24310000, 0x25d90000)
  from space 3392K,   8% used [0x260e0000, 0x26129198, 0x26430000)
  to   space 3392K,   0% used [0x25d90000, 0x25d90000, 0x260e0000)
 tenured generation   total 67672K, used 66430K [0x29860000, 0x2da76000, 0x34310000)
   the space 67672K,  98% used [0x29860000, 0x2d93f8c8, 0x2d93fa00, 0x2da76000)
 compacting perm gen  total 12288K, used 8374K [0x34310000, 0x34f10000, 0x38310000)
   the space 12288K,  68% used [0x34310000, 0x34b3daa0, 0x34b3dc00, 0x34f10000)
    ro space 10240K,  45% used [0x38310000, 0x38793960, 0x38793a00, 0x38d10000)
    rw space 12288K,  54% used [0x38d10000, 0x393974d8, 0x39397600, 0x39910000)
}
Event: 526.931 GC heap before
{Heap before GC invocations=621 (full 6):
 def new generation   total 30528K, used 27428K [0x24310000, 0x26430000, 0x29860000)
  eden space 27136K, 100% used [0x24310000, 0x25d90000, 0x25d90000)
  from space 3392K,   8% used [0x260e0000, 0x26129198, 0x26430000)
  to   space 3392K,   0% used [0x25d90000, 0x25d90000, 0x260e0000)
 tenured generation   total 67672K, used 66430K [0x29860000, 0x2da76000, 0x34310000)
   the space 67672K,  98% used [0x29860000, 0x2d93f8c8, 0x2d93fa00, 0x2da76000)
 compacting perm gen  total 12288K, used 8374K [0x34310000, 0x34f10000, 0x38310000)
   the space 12288K,  68% used [0x34310000, 0x34b3daa0, 0x34b3dc00, 0x34f10000)
    ro space 10240K,  45% used [0x38310000, 0x38793960, 0x38793a00, 0x38d10000)
    rw space 12288K,  54% used [0x38d10000, 0x393974d8, 0x39397600, 0x39910000)
Event: 526.933 GC heap after
Heap after GC invocations=622 (full 6):
 def new generation   total 30528K, used 261K [0x24310000, 0x26430000, 0x29860000)
  eden space 27136K,   0% used [0x24310000, 0x24310000, 0x25d90000)
  from space 3392K,   7% used [0x25d90000, 0x25dd1508, 0x260e0000)
  to   space 3392K,   0% used [0x260e0000, 0x260e0000, 0x26430000)
 tenured generation   total 67672K, used 66430K [0x29860000, 0x2da76000, 0x34310000)
   the space 67672K,  98% used [0x29860000, 0x2d93f8c8, 0x2d93fa00, 0x2da76000)
 compacting perm gen  total 12288K, used 8374K [0x34310000, 0x34f10000, 0x38310000)
   the space 12288K,  68% used [0x34310000, 0x34b3daa0, 0x34b3dc00, 0x34f10000)
    ro space 10240K,  45% used [0x38310000, 0x38793960, 0x38793a00, 0x38d10000)
    rw space 12288K,  54% used [0x38d10000, 0x393974d8, 0x39397600, 0x39910000)
}
Event: 527.905 GC heap before
{Heap before GC invocations=622 (full 6):
 def new generation   total 30528K, used 27397K [0x24310000, 0x26430000, 0x29860000)
  eden space 27136K, 100% used [0x24310000, 0x25d90000, 0x25d90000)
  from space 3392K,   7% used [0x25d90000, 0x25dd1508, 0x260e0000)
  to   space 3392K,   0% used [0x260e0000, 0x260e0000, 0x26430000)
 tenured generation   total 67672K, used 66430K [0x29860000, 0x2da76000, 0x34310000)
   the space 67672K,  98% used [0x29860000, 0x2d93f8c8, 0x2d93fa00, 0x2da76000)
 compacting perm gen  total 12288K, used 8374K [0x34310000, 0x34f10000, 0x38310000)
   the space 12288K,  68% used [0x34310000, 0x34b3dab0, 0x34b3dc00, 0x34f10000)
    ro space 10240K,  45% used [0x38310000, 0x38793960, 0x38793a00, 0x38d10000)
    rw space 12288K,  54% used [0x38d10000, 0x393974d8, 0x39397600, 0x39910000)
Event: 527.907 GC heap after
Heap after GC invocations=623 (full 6):
 def new generation   total 30528K, used 260K [0x24310000, 0x26430000, 0x29860000)
  eden space 27136K,   0% used [0x24310000, 0x24310000, 0x25d90000)
  from space 3392K,   7% used [0x260e0000, 0x26121108, 0x26430000)
  to   space 3392K,   0% used [0x25d90000, 0x25d90000, 0x260e0000)
 tenured generation   total 67672K, used 66430K [0x29860000, 0x2da76000, 0x34310000)
   the space 67672K,  98% used [0x29860000, 0x2d93f8c8, 0x2d93fa00, 0x2da76000)
 compacting perm gen  total 12288K, used 8374K [0x34310000, 0x34f10000, 0x38310000)
   the space 12288K,  68% used [0x34310000, 0x34b3dab0, 0x34b3dc00, 0x34f10000)
    ro space 10240K,  45% used [0x38310000, 0x38793960, 0x38793a00, 0x38d10000)
    rw space 12288K,  54% used [0x38d10000, 0x393974d8, 0x39397600, 0x39910000)
}
Event: 528.899 GC heap before
{Heap before GC invocations=623 (full 6):
 def new generation   total 30528K, used 27396K [0x24310000, 0x26430000, 0x29860000)
  eden space 27136K, 100% used [0x24310000, 0x25d90000, 0x25d90000)
  from space 3392K,   7% used [0x260e0000, 0x26121108, 0x26430000)
  to   space 3392K,   0% used [0x25d90000, 0x25d90000, 0x260e0000)
 tenured generation   total 67672K, used 66430K [0x29860000, 0x2da76000, 0x34310000)
   the space 67672K,  98% used [0x29860000, 0x2d93f8c8, 0x2d93fa00, 0x2da76000)
 compacting perm gen  total 12288K, used 8374K [0x34310000, 0x34f10000, 0x38310000)
   the space 12288K,  68% used [0x34310000, 0x34b3dae0, 0x34b3dc00, 0x34f10000)
    ro space 10240K,  45% used [0x38310000, 0x38793960, 0x38793a00, 0x38d10000)
    rw space 12288K,  54% used [0x38d10000, 0x393974d8, 0x39397600, 0x39910000)
Event: 528.901 GC heap after
Heap after GC invocations=624 (full 6):
 def new generation   total 30528K, used 324K [0x24310000, 0x26430000, 0x29860000)
  eden space 27136K,   0% used [0x24310000, 0x24310000, 0x25d90000)
  from space 3392K,   9% used [0x25d90000, 0x25de1028, 0x260e0000)
  to   space 3392K,   0% used [0x260e0000, 0x260e0000, 0x26430000)
 tenured generation   total 67672K, used 66430K [0x29860000, 0x2da76000, 0x34310000)
   the space 67672K,  98% used [0x29860000, 0x2d93f8c8, 0x2d93fa00, 0x2da76000)
 compacting perm gen  total 12288K, used 8374K [0x34310000, 0x34f10000, 0x38310000)
   the space 12288K,  68% used [0x34310000, 0x34b3dae0, 0x34b3dc00, 0x34f10000)
    ro space 10240K,  45% used [0x38310000, 0x38793960, 0x38793a00, 0x38d10000)
    rw space 12288K,  54% used [0x38d10000, 0x393974d8, 0x39397600, 0x39910000)
}

