# JRE version: 7.0_05-b05
# Java VM: Java HotSpot(TM) Client VM (23.1-b03 mixed mode, sharing windows-x86 )
Heap
 def new generation   total 26944K, used 24695K [0x24310000, 0x26040000, 0x29860000)
  eden space 24000K, 100% used [0x24310000, 0x25a80000, 0x25a80000)
  from space 2944K,  23% used [0x25d60000, 0x25e0dd58, 0x26040000)
  to   space 2944K,   0% used [0x25a80000, 0x25a80000, 0x25d60000)
 tenured generation   total 59592K, used 48004K [0x29860000, 0x2d292000, 0x34310000)
   the space 59592K,  80% used [0x29860000, 0x2c7412d0, 0x2c741400, 0x2d292000)
 compacting perm gen  total 12288K, used 8461K [0x34310000, 0x34f10000, 0x38310000)
   the space 12288K,  68% used [0x34310000, 0x34b53710, 0x34b53800, 0x34f10000)
    ro space 10240K,  45% used [0x38310000, 0x38793960, 0x38793a00, 0x38d10000)
    rw space 12288K,  54% used [0x38d10000, 0x393974d8, 0x39397600, 0x39910000)
GC Heap History (10 events):
Event: 24.435 GC heap before
{Heap before GC invocations=78 (full 7):
 def new generation   total 26944K, used 24575K [0x24310000, 0x26040000, 0x29860000)
  eden space 24000K, 100% used [0x24310000, 0x25a80000, 0x25a80000)
  from space 2944K,  19% used [0x25a80000, 0x25b0fec8, 0x25d60000)
  to   space 2944K,   0% used [0x25d60000, 0x25d60000, 0x26040000)
 tenured generation   total 59592K, used 48004K [0x29860000, 0x2d292000, 0x34310000)
   the space 59592K,  80% used [0x29860000, 0x2c7411b8, 0x2c741200, 0x2d292000)
 compacting perm gen  total 12288K, used 8419K [0x34310000, 0x34f10000, 0x38310000)
   the space 12288K,  68% used [0x34310000, 0x34b48fd8, 0x34b49000, 0x34f10000)
    ro space 10240K,  45% used [0x38310000, 0x38793960, 0x38793a00, 0x38d10000)
    rw space 12288K,  54% used [0x38d10000, 0x393974d8, 0x39397600, 0x39910000)
Event: 24.437 GC heap after
Heap after GC invocations=79 (full 7):
 def new generation   total 26944K, used 590K [0x24310000, 0x26040000, 0x29860000)
  eden space 24000K,   0% used [0x24310000, 0x24310000, 0x25a80000)
  from space 2944K,  20% used [0x25d60000, 0x25df3910, 0x26040000)
  to   space 2944K,   0% used [0x25a80000, 0x25a80000, 0x25d60000)
 tenured generation   total 59592K, used 48004K [0x29860000, 0x2d292000, 0x34310000)
   the space 59592K,  80% used [0x29860000, 0x2c7411b8, 0x2c741200, 0x2d292000)
 compacting perm gen  total 12288K, used 8419K [0x34310000, 0x34f10000, 0x38310000)
   the space 12288K,  68% used [0x34310000, 0x34b48fd8, 0x34b49000, 0x34f10000)
    ro space 10240K,  45% used [0x38310000, 0x38793960, 0x38793a00, 0x38d10000)
    rw space 12288K,  54% used [0x38d10000, 0x393974d8, 0x39397600, 0x39910000)
}
Event: 26.066 GC heap before
{Heap before GC invocations=79 (full 7):
 def new generation   total 26944K, used 24590K [0x24310000, 0x26040000, 0x29860000)
  eden space 24000K, 100% used [0x24310000, 0x25a80000, 0x25a80000)
  from space 2944K,  20% used [0x25d60000, 0x25df3910, 0x26040000)
  to   space 2944K,   0% used [0x25a80000, 0x25a80000, 0x25d60000)
 tenured generation   total 59592K, used 48004K [0x29860000, 0x2d292000, 0x34310000)
   the space 59592K,  80% used [0x29860000, 0x2c7411b8, 0x2c741200, 0x2d292000)
 compacting perm gen  total 12288K, used 8420K [0x34310000, 0x34f10000, 0x38310000)
   the space 12288K,  68% used [0x34310000, 0x34b49098, 0x34b49200, 0x34f10000)
    ro space 10240K,  45% used [0x38310000, 0x38793960, 0x38793a00, 0x38d10000)
    rw space 12288K,  54% used [0x38d10000, 0x393974d8, 0x39397600, 0x39910000)
Event: 26.068 GC heap after
Heap after GC invocations=80 (full 7):
 def new generation   total 26944K, used 633K [0x24310000, 0x26040000, 0x29860000)
  eden space 24000K,   0% used [0x24310000, 0x24310000, 0x25a80000)
  from space 2944K,  21% used [0x25a80000, 0x25b1e420, 0x25d60000)
  to   space 2944K,   0% used [0x25d60000, 0x25d60000, 0x26040000)
 tenured generation   total 59592K, used 48004K [0x29860000, 0x2d292000, 0x34310000)
   the space 59592K,  80% used [0x29860000, 0x2c7412d0, 0x2c741400, 0x2d292000)
 compacting perm gen  total 12288K, used 8420K [0x34310000, 0x34f10000, 0x38310000)
   the space 12288K,  68% used [0x34310000, 0x34b49098, 0x34b49200, 0x34f10000)
    ro space 10240K,  45% used [0x38310000, 0x38793960, 0x38793a00, 0x38d10000)
    rw space 12288K,  54% used [0x38d10000, 0x393974d8, 0x39397600, 0x39910000)
}
Event: 27.818 GC heap before
{Heap before GC invocations=80 (full 7):
 def new generation   total 26944K, used 24633K [0x24310000, 0x26040000, 0x29860000)
  eden space 24000K, 100% used [0x24310000, 0x25a80000, 0x25a80000)
  from space 2944K,  21% used [0x25a80000, 0x25b1e420, 0x25d60000)
  to   space 2944K,   0% used [0x25d60000, 0x25d60000, 0x26040000)
 tenured generation   total 59592K, used 48004K [0x29860000, 0x2d292000, 0x34310000)
   the space 59592K,  80% used [0x29860000, 0x2c7412d0, 0x2c741400, 0x2d292000)
 compacting perm gen  total 12288K, used 8420K [0x34310000, 0x34f10000, 0x38310000)
   the space 12288K,  68% used [0x34310000, 0x34b49098, 0x34b49200, 0x34f10000)
    ro space 10240K,  45% used [0x38310000, 0x38793960, 0x38793a00, 0x38d10000)
    rw space 12288K,  54% used [0x38d10000, 0x393974d8, 0x39397600, 0x39910000)
Event: 27.821 GC heap after
Heap after GC invocations=81 (full 7):
 def new generation   total 26944K, used 684K [0x24310000, 0x26040000, 0x29860000)
  eden space 24000K,   0% used [0x24310000, 0x24310000, 0x25a80000)
  from space 2944K,  23% used [0x25d60000, 0x25e0b328, 0x26040000)
  to   space 2944K,   0% used [0x25a80000, 0x25a80000, 0x25d60000)
 tenured generation   total 59592K, used 48004K [0x29860000, 0x2d292000, 0x34310000)
   the space 59592K,  80% used [0x29860000, 0x2c7412d0, 0x2c741400, 0x2d292000)
 compacting perm gen  total 12288K, used 8420K [0x34310000, 0x34f10000, 0x38310000)
   the space 12288K,  68% used [0x34310000, 0x34b49098, 0x34b49200, 0x34f10000)
    ro space 10240K,  45% used [0x38310000, 0x38793960, 0x38793a00, 0x38d10000)
    rw space 12288K,  54% used [0x38d10000, 0x393974d8, 0x39397600, 0x39910000)
}
Event: 29.528 GC heap before
{Heap before GC invocations=81 (full 7):
 def new generation   total 26944K, used 24684K [0x24310000, 0x26040000, 0x29860000)
  eden space 24000K, 100% used [0x24310000, 0x25a80000, 0x25a80000)
  from space 2944K,  23% used [0x25d60000, 0x25e0b328, 0x26040000)
  to   space 2944K,   0% used [0x25a80000, 0x25a80000, 0x25d60000)
 tenured generation   total 59592K, used 48004K [0x29860000, 0x2d292000, 0x34310000)
   the space 59592K,  80% used [0x29860000, 0x2c7412d0, 0x2c741400, 0x2d292000)
 compacting perm gen  total 12288K, used 8420K [0x34310000, 0x34f10000, 0x38310000)
   the space 12288K,  68% used [0x34310000, 0x34b49098, 0x34b49200, 0x34f10000)
    ro space 10240K,  45% used [0x38310000, 0x38793960, 0x38793a00, 0x38d10000)
    rw space 12288K,  54% used [0x38d10000, 0x393974d8, 0x39397600, 0x39910000)
Event: 29.531 GC heap after
Heap after GC invocations=82 (full 7):
 def new generation   total 26944K, used 718K [0x24310000, 0x26040000, 0x29860000)
  eden space 24000K,   0% used [0x24310000, 0x24310000, 0x25a80000)
  from space 2944K,  24% used [0x25a80000, 0x25b33900, 0x25d60000)
  to   space 2944K,   0% used [0x25d60000, 0x25d60000, 0x26040000)
 tenured generation   total 59592K, used 48004K [0x29860000, 0x2d292000, 0x34310000)
   the space 59592K,  80% used [0x29860000, 0x2c7412d0, 0x2c741400, 0x2d292000)
 compacting perm gen  total 12288K, used 8420K [0x34310000, 0x34f10000, 0x38310000)
   the space 12288K,  68% used [0x34310000, 0x34b49098, 0x34b49200, 0x34f10000)
    ro space 10240K,  45% used [0x38310000, 0x38793960, 0x38793a00, 0x38d10000)
    rw space 12288K,  54% used [0x38d10000, 0x393974d8, 0x39397600, 0x39910000)
}
Event: 31.223 GC heap before
{Heap before GC invocations=82 (full 7):
 def new generation   total 26944K, used 24718K [0x24310000, 0x26040000, 0x29860000)
  eden space 24000K, 100% used [0x24310000, 0x25a80000, 0x25a80000)
  from space 2944K,  24% used [0x25a80000, 0x25b33900, 0x25d60000)
  to   space 2944K,   0% used [0x25d60000, 0x25d60000, 0x26040000)
 tenured generation   total 59592K, used 48004K [0x29860000, 0x2d292000, 0x34310000)
   the space 59592K,  80% used [0x29860000, 0x2c7412d0, 0x2c741400, 0x2d292000)
 compacting perm gen  total 12288K, used 8420K [0x34310000, 0x34f10000, 0x38310000)
   the space 12288K,  68% used [0x34310000, 0x34b491a8, 0x34b49200, 0x34f10000)
    ro space 10240K,  45% used [0x38310000, 0x38793960, 0x38793a00, 0x38d10000)
    rw space 12288K,  54% used [0x38d10000, 0x393974d8, 0x39397600, 0x39910000)
Event: 31.226 GC heap after
Heap after GC invocations=83 (full 7):
 def new generation   total 26944K, used 695K [0x24310000, 0x26040000, 0x29860000)
  eden space 24000K,   0% used [0x24310000, 0x24310000, 0x25a80000)
  from space 2944K,  23% used [0x25d60000, 0x25e0dd58, 0x26040000)
  to   space 2944K,   0% used [0x25a80000, 0x25a80000, 0x25d60000)
 tenured generation   total 59592K, used 48004K [0x29860000, 0x2d292000, 0x34310000)
   the space 59592K,  80% used [0x29860000, 0x2c7412d0, 0x2c741400, 0x2d292000)
 compacting perm gen  total 12288K, used 8420K [0x34310000, 0x34f10000, 0x38310000)
   the space 12288K,  68% used [0x34310000, 0x34b491a8, 0x34b49200, 0x34f10000)
    ro space 10240K,  45% used [0x38310000, 0x38793960, 0x38793a00, 0x38d10000)
    rw space 12288K,  54% used [0x38d10000, 0x393974d8, 0x39397600, 0x39910000)
}

