# JRE version: 7.0_05-b05
# Java VM: Java HotSpot(TM) Client VM (23.1-b03 mixed mode, sharing windows-x86 )
Heap
 def new generation   total 30912K, used 22713K [0x24310000, 0x26490000, 0x29860000)
  eden space 27520K,  81% used [0x24310000, 0x258ef6d8, 0x25df0000)
  from space 3392K,   9% used [0x26140000, 0x2618ef38, 0x26490000)
  to   space 3392K,   0% used [0x25df0000, 0x25df0000, 0x26140000)
 tenured generation   total 68448K, used 65744K [0x29860000, 0x2db38000, 0x34310000)
   the space 68448K,  96% used [0x29860000, 0x2d894290, 0x2d894400, 0x2db38000)
 compacting perm gen  total 12288K, used 8341K [0x34310000, 0x34f10000, 0x38310000)
   the space 12288K,  67% used [0x34310000, 0x34b357d0, 0x34b35800, 0x34f10000)
    ro space 10240K,  45% used [0x38310000, 0x38793960, 0x38793a00, 0x38d10000)
    rw space 12288K,  54% used [0x38d10000, 0x393974d8, 0x39397600, 0x39910000)
GC Heap History (10 events):
Event: 147.976 GC heap before
{Heap before GC invocations=167 (full 6):
 def new generation   total 30912K, used 27861K [0x24310000, 0x26490000, 0x29860000)
  eden space 27520K, 100% used [0x24310000, 0x25df0000, 0x25df0000)
  from space 3392K,  10% used [0x25df0000, 0x25e45748, 0x26140000)
  to   space 3392K,   0% used [0x26140000, 0x26140000, 0x26490000)
 tenured generation   total 68448K, used 65744K [0x29860000, 0x2db38000, 0x34310000)
   the space 68448K,  96% used [0x29860000, 0x2d894290, 0x2d894400, 0x2db38000)
 compacting perm gen  total 12288K, used 8300K [0x34310000, 0x34f10000, 0x38310000)
   the space 12288K,  67% used [0x34310000, 0x34b2b248, 0x34b2b400, 0x34f10000)
    ro space 10240K,  45% used [0x38310000, 0x38793960, 0x38793a00, 0x38d10000)
    rw space 12288K,  54% used [0x38d10000, 0x393974d8, 0x39397600, 0x39910000)
Event: 147.978 GC heap after
Heap after GC invocations=168 (full 6):
 def new generation   total 30912K, used 382K [0x24310000, 0x26490000, 0x29860000)
  eden space 27520K,   0% used [0x24310000, 0x24310000, 0x25df0000)
  from space 3392K,  11% used [0x26140000, 0x2619fbd8, 0x26490000)
  to   space 3392K,   0% used [0x25df0000, 0x25df0000, 0x26140000)
 tenured generation   total 68448K, used 65744K [0x29860000, 0x2db38000, 0x34310000)
   the space 68448K,  96% used [0x29860000, 0x2d894290, 0x2d894400, 0x2db38000)
 compacting perm gen  total 12288K, used 8300K [0x34310000, 0x34f10000, 0x38310000)
   the space 12288K,  67% used [0x34310000, 0x34b2b248, 0x34b2b400, 0x34f10000)
    ro space 10240K,  45% used [0x38310000, 0x38793960, 0x38793a00, 0x38d10000)
    rw space 12288K,  54% used [0x38d10000, 0x393974d8, 0x39397600, 0x39910000)
}
Event: 149.306 GC heap before
{Heap before GC invocations=168 (full 6):
 def new generation   total 30912K, used 27902K [0x24310000, 0x26490000, 0x29860000)
  eden space 27520K, 100% used [0x24310000, 0x25df0000, 0x25df0000)
  from space 3392K,  11% used [0x26140000, 0x2619fbd8, 0x26490000)
  to   space 3392K,   0% used [0x25df0000, 0x25df0000, 0x26140000)
 tenured generation   total 68448K, used 65744K [0x29860000, 0x2db38000, 0x34310000)
   the space 68448K,  96% used [0x29860000, 0x2d894290, 0x2d894400, 0x2db38000)
 compacting perm gen  total 12288K, used 8300K [0x34310000, 0x34f10000, 0x38310000)
   the space 12288K,  67% used [0x34310000, 0x34b2b248, 0x34b2b400, 0x34f10000)
    ro space 10240K,  45% used [0x38310000, 0x38793960, 0x38793a00, 0x38d10000)
    rw space 12288K,  54% used [0x38d10000, 0x393974d8, 0x39397600, 0x39910000)
Event: 149.308 GC heap after
Heap after GC invocations=169 (full 6):
 def new generation   total 30912K, used 369K [0x24310000, 0x26490000, 0x29860000)
  eden space 27520K,   0% used [0x24310000, 0x24310000, 0x25df0000)
  from space 3392K,  10% used [0x25df0000, 0x25e4c4b8, 0x26140000)
  to   space 3392K,   0% used [0x26140000, 0x26140000, 0x26490000)
 tenured generation   total 68448K, used 65744K [0x29860000, 0x2db38000, 0x34310000)
   the space 68448K,  96% used [0x29860000, 0x2d894290, 0x2d894400, 0x2db38000)
 compacting perm gen  total 12288K, used 8300K [0x34310000, 0x34f10000, 0x38310000)
   the space 12288K,  67% used [0x34310000, 0x34b2b248, 0x34b2b400, 0x34f10000)
    ro space 10240K,  45% used [0x38310000, 0x38793960, 0x38793a00, 0x38d10000)
    rw space 12288K,  54% used [0x38d10000, 0x393974d8, 0x39397600, 0x39910000)
}
Event: 150.667 GC heap before
{Heap before GC invocations=169 (full 6):
 def new generation   total 30912K, used 27889K [0x24310000, 0x26490000, 0x29860000)
  eden space 27520K, 100% used [0x24310000, 0x25df0000, 0x25df0000)
  from space 3392K,  10% used [0x25df0000, 0x25e4c4b8, 0x26140000)
  to   space 3392K,   0% used [0x26140000, 0x26140000, 0x26490000)
 tenured generation   total 68448K, used 65744K [0x29860000, 0x2db38000, 0x34310000)
   the space 68448K,  96% used [0x29860000, 0x2d894290, 0x2d894400, 0x2db38000)
 compacting perm gen  total 12288K, used 8300K [0x34310000, 0x34f10000, 0x38310000)
   the space 12288K,  67% used [0x34310000, 0x34b2b248, 0x34b2b400, 0x34f10000)
    ro space 10240K,  45% used [0x38310000, 0x38793960, 0x38793a00, 0x38d10000)
    rw space 12288K,  54% used [0x38d10000, 0x393974d8, 0x39397600, 0x39910000)
Event: 150.669 GC heap after
Heap after GC invocations=170 (full 6):
 def new generation   total 30912K, used 309K [0x24310000, 0x26490000, 0x29860000)
  eden space 27520K,   0% used [0x24310000, 0x24310000, 0x25df0000)
  from space 3392K,   9% used [0x26140000, 0x2618d698, 0x26490000)
  to   space 3392K,   0% used [0x25df0000, 0x25df0000, 0x26140000)
 tenured generation   total 68448K, used 65744K [0x29860000, 0x2db38000, 0x34310000)
   the space 68448K,  96% used [0x29860000, 0x2d894290, 0x2d894400, 0x2db38000)
 compacting perm gen  total 12288K, used 8300K [0x34310000, 0x34f10000, 0x38310000)
   the space 12288K,  67% used [0x34310000, 0x34b2b248, 0x34b2b400, 0x34f10000)
    ro space 10240K,  45% used [0x38310000, 0x38793960, 0x38793a00, 0x38d10000)
    rw space 12288K,  54% used [0x38d10000, 0x393974d8, 0x39397600, 0x39910000)
}
Event: 152.012 GC heap before
{Heap before GC invocations=170 (full 6):
 def new generation   total 30912K, used 27829K [0x24310000, 0x26490000, 0x29860000)
  eden space 27520K, 100% used [0x24310000, 0x25df0000, 0x25df0000)
  from space 3392K,   9% used [0x26140000, 0x2618d698, 0x26490000)
  to   space 3392K,   0% used [0x25df0000, 0x25df0000, 0x26140000)
 tenured generation   total 68448K, used 65744K [0x29860000, 0x2db38000, 0x34310000)
   the space 68448K,  96% used [0x29860000, 0x2d894290, 0x2d894400, 0x2db38000)
 compacting perm gen  total 12288K, used 8300K [0x34310000, 0x34f10000, 0x38310000)
   the space 12288K,  67% used [0x34310000, 0x34b2b248, 0x34b2b400, 0x34f10000)
    ro space 10240K,  45% used [0x38310000, 0x38793960, 0x38793a00, 0x38d10000)
    rw space 12288K,  54% used [0x38d10000, 0x393974d8, 0x39397600, 0x39910000)
Event: 152.014 GC heap after
Heap after GC invocations=171 (full 6):
 def new generation   total 30912K, used 378K [0x24310000, 0x26490000, 0x29860000)
  eden space 27520K,   0% used [0x24310000, 0x24310000, 0x25df0000)
  from space 3392K,  11% used [0x25df0000, 0x25e4ea00, 0x26140000)
  to   space 3392K,   0% used [0x26140000, 0x26140000, 0x26490000)
 tenured generation   total 68448K, used 65744K [0x29860000, 0x2db38000, 0x34310000)
   the space 68448K,  96% used [0x29860000, 0x2d894290, 0x2d894400, 0x2db38000)
 compacting perm gen  total 12288K, used 8300K [0x34310000, 0x34f10000, 0x38310000)
   the space 12288K,  67% used [0x34310000, 0x34b2b248, 0x34b2b400, 0x34f10000)
    ro space 10240K,  45% used [0x38310000, 0x38793960, 0x38793a00, 0x38d10000)
    rw space 12288K,  54% used [0x38d10000, 0x393974d8, 0x39397600, 0x39910000)
}
Event: 153.363 GC heap before
{Heap before GC invocations=171 (full 6):
 def new generation   total 30912K, used 27898K [0x24310000, 0x26490000, 0x29860000)
  eden space 27520K, 100% used [0x24310000, 0x25df0000, 0x25df0000)
  from space 3392K,  11% used [0x25df0000, 0x25e4ea00, 0x26140000)
  to   space 3392K,   0% used [0x26140000, 0x26140000, 0x26490000)
 tenured generation   total 68448K, used 65744K [0x29860000, 0x2db38000, 0x34310000)
   the space 68448K,  96% used [0x29860000, 0x2d894290, 0x2d894400, 0x2db38000)
 compacting perm gen  total 12288K, used 8300K [0x34310000, 0x34f10000, 0x38310000)
   the space 12288K,  67% used [0x34310000, 0x34b2b248, 0x34b2b400, 0x34f10000)
    ro space 10240K,  45% used [0x38310000, 0x38793960, 0x38793a00, 0x38d10000)
    rw space 12288K,  54% used [0x38d10000, 0x393974d8, 0x39397600, 0x39910000)
Event: 153.365 GC heap after
Heap after GC invocations=172 (full 6):
 def new generation   total 30912K, used 315K [0x24310000, 0x26490000, 0x29860000)
  eden space 27520K,   0% used [0x24310000, 0x24310000, 0x25df0000)
  from space 3392K,   9% used [0x26140000, 0x2618ef38, 0x26490000)
  to   space 3392K,   0% used [0x25df0000, 0x25df0000, 0x26140000)
 tenured generation   total 68448K, used 65744K [0x29860000, 0x2db38000, 0x34310000)
   the space 68448K,  96% used [0x29860000, 0x2d894290, 0x2d894400, 0x2db38000)
 compacting perm gen  total 12288K, used 8300K [0x34310000, 0x34f10000, 0x38310000)
   the space 12288K,  67% used [0x34310000, 0x34b2b248, 0x34b2b400, 0x34f10000)
    ro space 10240K,  45% used [0x38310000, 0x38793960, 0x38793a00, 0x38d10000)
    rw space 12288K,  54% used [0x38d10000, 0x393974d8, 0x39397600, 0x39910000)
}

