# JRE version: 7.0_05-b05
# Java VM: Java HotSpot(TM) Client VM (23.1-b03 mixed mode, sharing windows-x86 )
Heap
 def new generation   total 30528K, used 23324K [0x24310000, 0x26430000, 0x29860000)
  eden space 27136K,  83% used [0x24310000, 0x25936ea0, 0x25d90000)
  from space 3392K,  18% used [0x25d90000, 0x25e302b8, 0x260e0000)
  to   space 3392K,   0% used [0x260e0000, 0x260e0000, 0x26430000)
 tenured generation   total 67640K, used 65106K [0x29860000, 0x2da6e000, 0x34310000)
   the space 67640K,  96% used [0x29860000, 0x2d7f4b20, 0x2d7f4c00, 0x2da6e000)
 compacting perm gen  total 12288K, used 8411K [0x34310000, 0x34f10000, 0x38310000)
   the space 12288K,  68% used [0x34310000, 0x34b46da8, 0x34b46e00, 0x34f10000)
    ro space 10240K,  45% used [0x38310000, 0x38793960, 0x38793a00, 0x38d10000)
    rw space 12288K,  54% used [0x38d10000, 0x393974d8, 0x39397600, 0x39910000)
GC Heap History (10 events):
Event: 24.162 GC heap before
{Heap before GC invocations=77 (full 6):
 def new generation   total 30528K, used 27781K [0x24310000, 0x26430000, 0x29860000)
  eden space 27136K, 100% used [0x24310000, 0x25d90000, 0x25d90000)
  from space 3392K,  19% used [0x260e0000, 0x26181488, 0x26430000)
  to   space 3392K,   0% used [0x25d90000, 0x25d90000, 0x260e0000)
 tenured generation   total 67640K, used 65082K [0x29860000, 0x2da6e000, 0x34310000)
   the space 67640K,  96% used [0x29860000, 0x2d7eebd8, 0x2d7eec00, 0x2da6e000)
 compacting perm gen  total 12288K, used 8369K [0x34310000, 0x34f10000, 0x38310000)
   the space 12288K,  68% used [0x34310000, 0x34b3c7f0, 0x34b3c800, 0x34f10000)
    ro space 10240K,  45% used [0x38310000, 0x38793960, 0x38793a00, 0x38d10000)
    rw space 12288K,  54% used [0x38d10000, 0x393974d8, 0x39397600, 0x39910000)
Event: 24.165 GC heap after
Heap after GC invocations=78 (full 6):
 def new generation   total 30528K, used 631K [0x24310000, 0x26430000, 0x29860000)
  eden space 27136K,   0% used [0x24310000, 0x24310000, 0x25d90000)
  from space 3392K,  18% used [0x25d90000, 0x25e2dee0, 0x260e0000)
  to   space 3392K,   0% used [0x260e0000, 0x260e0000, 0x26430000)
 tenured generation   total 67640K, used 65106K [0x29860000, 0x2da6e000, 0x34310000)
   the space 67640K,  96% used [0x29860000, 0x2d7f4b20, 0x2d7f4c00, 0x2da6e000)
 compacting perm gen  total 12288K, used 8369K [0x34310000, 0x34f10000, 0x38310000)
   the space 12288K,  68% used [0x34310000, 0x34b3c7f0, 0x34b3c800, 0x34f10000)
    ro space 10240K,  45% used [0x38310000, 0x38793960, 0x38793a00, 0x38d10000)
    rw space 12288K,  54% used [0x38d10000, 0x393974d8, 0x39397600, 0x39910000)
}
Event: 26.064 GC heap before
{Heap before GC invocations=78 (full 6):
 def new generation   total 30528K, used 27767K [0x24310000, 0x26430000, 0x29860000)
  eden space 27136K, 100% used [0x24310000, 0x25d90000, 0x25d90000)
  from space 3392K,  18% used [0x25d90000, 0x25e2dee0, 0x260e0000)
  to   space 3392K,   0% used [0x260e0000, 0x260e0000, 0x26430000)
 tenured generation   total 67640K, used 65106K [0x29860000, 0x2da6e000, 0x34310000)
   the space 67640K,  96% used [0x29860000, 0x2d7f4b20, 0x2d7f4c00, 0x2da6e000)
 compacting perm gen  total 12288K, used 8370K [0x34310000, 0x34f10000, 0x38310000)
   the space 12288K,  68% used [0x34310000, 0x34b3c800, 0x34b3c800, 0x34f10000)
    ro space 10240K,  45% used [0x38310000, 0x38793960, 0x38793a00, 0x38d10000)
    rw space 12288K,  54% used [0x38d10000, 0x393974d8, 0x39397600, 0x39910000)
Event: 26.067 GC heap after
Heap after GC invocations=79 (full 6):
 def new generation   total 30528K, used 637K [0x24310000, 0x26430000, 0x29860000)
  eden space 27136K,   0% used [0x24310000, 0x24310000, 0x25d90000)
  from space 3392K,  18% used [0x260e0000, 0x2617f770, 0x26430000)
  to   space 3392K,   0% used [0x25d90000, 0x25d90000, 0x260e0000)
 tenured generation   total 67640K, used 65106K [0x29860000, 0x2da6e000, 0x34310000)
   the space 67640K,  96% used [0x29860000, 0x2d7f4b20, 0x2d7f4c00, 0x2da6e000)
 compacting perm gen  total 12288K, used 8370K [0x34310000, 0x34f10000, 0x38310000)
   the space 12288K,  68% used [0x34310000, 0x34b3c800, 0x34b3c800, 0x34f10000)
    ro space 10240K,  45% used [0x38310000, 0x38793960, 0x38793a00, 0x38d10000)
    rw space 12288K,  54% used [0x38d10000, 0x393974d8, 0x39397600, 0x39910000)
}
Event: 27.697 GC heap before
{Heap before GC invocations=79 (full 6):
 def new generation   total 30528K, used 27773K [0x24310000, 0x26430000, 0x29860000)
  eden space 27136K, 100% used [0x24310000, 0x25d90000, 0x25d90000)
  from space 3392K,  18% used [0x260e0000, 0x2617f770, 0x26430000)
  to   space 3392K,   0% used [0x25d90000, 0x25d90000, 0x260e0000)
 tenured generation   total 67640K, used 65106K [0x29860000, 0x2da6e000, 0x34310000)
   the space 67640K,  96% used [0x29860000, 0x2d7f4b20, 0x2d7f4c00, 0x2da6e000)
 compacting perm gen  total 12288K, used 8370K [0x34310000, 0x34f10000, 0x38310000)
   the space 12288K,  68% used [0x34310000, 0x34b3c800, 0x34b3c800, 0x34f10000)
    ro space 10240K,  45% used [0x38310000, 0x38793960, 0x38793a00, 0x38d10000)
    rw space 12288K,  54% used [0x38d10000, 0x393974d8, 0x39397600, 0x39910000)
Event: 27.700 GC heap after
Heap after GC invocations=80 (full 6):
 def new generation   total 30528K, used 561K [0x24310000, 0x26430000, 0x29860000)
  eden space 27136K,   0% used [0x24310000, 0x24310000, 0x25d90000)
  from space 3392K,  16% used [0x25d90000, 0x25e1c490, 0x260e0000)
  to   space 3392K,   0% used [0x260e0000, 0x260e0000, 0x26430000)
 tenured generation   total 67640K, used 65106K [0x29860000, 0x2da6e000, 0x34310000)
   the space 67640K,  96% used [0x29860000, 0x2d7f4b20, 0x2d7f4c00, 0x2da6e000)
 compacting perm gen  total 12288K, used 8370K [0x34310000, 0x34f10000, 0x38310000)
   the space 12288K,  68% used [0x34310000, 0x34b3c800, 0x34b3c800, 0x34f10000)
    ro space 10240K,  45% used [0x38310000, 0x38793960, 0x38793a00, 0x38d10000)
    rw space 12288K,  54% used [0x38d10000, 0x393974d8, 0x39397600, 0x39910000)
}
Event: 29.261 GC heap before
{Heap before GC invocations=80 (full 6):
 def new generation   total 30528K, used 27697K [0x24310000, 0x26430000, 0x29860000)
  eden space 27136K, 100% used [0x24310000, 0x25d90000, 0x25d90000)
  from space 3392K,  16% used [0x25d90000, 0x25e1c490, 0x260e0000)
  to   space 3392K,   0% used [0x260e0000, 0x260e0000, 0x26430000)
 tenured generation   total 67640K, used 65106K [0x29860000, 0x2da6e000, 0x34310000)
   the space 67640K,  96% used [0x29860000, 0x2d7f4b20, 0x2d7f4c00, 0x2da6e000)
 compacting perm gen  total 12288K, used 8370K [0x34310000, 0x34f10000, 0x38310000)
   the space 12288K,  68% used [0x34310000, 0x34b3c810, 0x34b3ca00, 0x34f10000)
    ro space 10240K,  45% used [0x38310000, 0x38793960, 0x38793a00, 0x38d10000)
    rw space 12288K,  54% used [0x38d10000, 0x393974d8, 0x39397600, 0x39910000)
Event: 29.263 GC heap after
Heap after GC invocations=81 (full 6):
 def new generation   total 30528K, used 622K [0x24310000, 0x26430000, 0x29860000)
  eden space 27136K,   0% used [0x24310000, 0x24310000, 0x25d90000)
  from space 3392K,  18% used [0x260e0000, 0x2617b9b8, 0x26430000)
  to   space 3392K,   0% used [0x25d90000, 0x25d90000, 0x260e0000)
 tenured generation   total 67640K, used 65106K [0x29860000, 0x2da6e000, 0x34310000)
   the space 67640K,  96% used [0x29860000, 0x2d7f4b20, 0x2d7f4c00, 0x2da6e000)
 compacting perm gen  total 12288K, used 8370K [0x34310000, 0x34f10000, 0x38310000)
   the space 12288K,  68% used [0x34310000, 0x34b3c810, 0x34b3ca00, 0x34f10000)
    ro space 10240K,  45% used [0x38310000, 0x38793960, 0x38793a00, 0x38d10000)
    rw space 12288K,  54% used [0x38d10000, 0x393974d8, 0x39397600, 0x39910000)
}
Event: 31.203 GC heap before
{Heap before GC invocations=81 (full 6):
 def new generation   total 30528K, used 27758K [0x24310000, 0x26430000, 0x29860000)
  eden space 27136K, 100% used [0x24310000, 0x25d90000, 0x25d90000)
  from space 3392K,  18% used [0x260e0000, 0x2617b9b8, 0x26430000)
  to   space 3392K,   0% used [0x25d90000, 0x25d90000, 0x260e0000)
 tenured generation   total 67640K, used 65106K [0x29860000, 0x2da6e000, 0x34310000)
   the space 67640K,  96% used [0x29860000, 0x2d7f4b20, 0x2d7f4c00, 0x2da6e000)
 compacting perm gen  total 12288K, used 8370K [0x34310000, 0x34f10000, 0x38310000)
   the space 12288K,  68% used [0x34310000, 0x34b3c810, 0x34b3ca00, 0x34f10000)
    ro space 10240K,  45% used [0x38310000, 0x38793960, 0x38793a00, 0x38d10000)
    rw space 12288K,  54% used [0x38d10000, 0x393974d8, 0x39397600, 0x39910000)
Event: 31.206 GC heap after
Heap after GC invocations=82 (full 6):
 def new generation   total 30528K, used 640K [0x24310000, 0x26430000, 0x29860000)
  eden space 27136K,   0% used [0x24310000, 0x24310000, 0x25d90000)
  from space 3392K,  18% used [0x25d90000, 0x25e302b8, 0x260e0000)
  to   space 3392K,   0% used [0x260e0000, 0x260e0000, 0x26430000)
 tenured generation   total 67640K, used 65106K [0x29860000, 0x2da6e000, 0x34310000)
   the space 67640K,  96% used [0x29860000, 0x2d7f4b20, 0x2d7f4c00, 0x2da6e000)
 compacting perm gen  total 12288K, used 8370K [0x34310000, 0x34f10000, 0x38310000)
   the space 12288K,  68% used [0x34310000, 0x34b3c810, 0x34b3ca00, 0x34f10000)
    ro space 10240K,  45% used [0x38310000, 0x38793960, 0x38793a00, 0x38d10000)
    rw space 12288K,  54% used [0x38d10000, 0x393974d8, 0x39397600, 0x39910000)
}

