# JRE version: 7.0_05-b05
# Java VM: Java HotSpot(TM) Client VM (23.1-b03 mixed mode, sharing windows-x86 )
Heap
 def new generation   total 30528K, used 3755K [0x24310000, 0x26430000, 0x29860000)
  eden space 27136K,  11% used [0x24310000, 0x24616158, 0x25d90000)
  from space 3392K,  19% used [0x25d90000, 0x25e34e38, 0x260e0000)
  to   space 3392K,   0% used [0x260e0000, 0x260e0000, 0x26430000)
 tenured generation   total 67660K, used 65201K [0x29860000, 0x2da73000, 0x34310000)
   the space 67660K,  96% used [0x29860000, 0x2d80c6d8, 0x2d80c800, 0x2da73000)
 compacting perm gen  total 12288K, used 8412K [0x34310000, 0x34f10000, 0x38310000)
   the space 12288K,  68% used [0x34310000, 0x34b47328, 0x34b47400, 0x34f10000)
    ro space 10240K,  45% used [0x38310000, 0x38793960, 0x38793a00, 0x38d10000)
    rw space 12288K,  54% used [0x38d10000, 0x393974d8, 0x39397600, 0x39910000)
GC Heap History (10 events):
Event: 27.954 GC heap before
{Heap before GC invocations=78 (full 6):
 def new generation   total 30528K, used 27818K [0x24310000, 0x26430000, 0x29860000)
  eden space 27136K, 100% used [0x24310000, 0x25d90000, 0x25d90000)
  from space 3392K,  20% used [0x260e0000, 0x2618a828, 0x26430000)
  to   space 3392K,   0% used [0x25d90000, 0x25d90000, 0x260e0000)
 tenured generation   total 67660K, used 65117K [0x29860000, 0x2da73000, 0x34310000)
   the space 67660K,  96% used [0x29860000, 0x2d7f7708, 0x2d7f7800, 0x2da73000)
 compacting perm gen  total 12288K, used 8371K [0x34310000, 0x34f10000, 0x38310000)
   the space 12288K,  68% used [0x34310000, 0x34b3ccd0, 0x34b3ce00, 0x34f10000)
    ro space 10240K,  45% used [0x38310000, 0x38793960, 0x38793a00, 0x38d10000)
    rw space 12288K,  54% used [0x38d10000, 0x393974d8, 0x39397600, 0x39910000)
Event: 27.956 GC heap after
Heap after GC invocations=79 (full 6):
 def new generation   total 30528K, used 696K [0x24310000, 0x26430000, 0x29860000)
  eden space 27136K,   0% used [0x24310000, 0x24310000, 0x25d90000)
  from space 3392K,  20% used [0x25d90000, 0x25e3e330, 0x260e0000)
  to   space 3392K,   0% used [0x260e0000, 0x260e0000, 0x26430000)
 tenured generation   total 67660K, used 65117K [0x29860000, 0x2da73000, 0x34310000)
   the space 67660K,  96% used [0x29860000, 0x2d7f7708, 0x2d7f7800, 0x2da73000)
 compacting perm gen  total 12288K, used 8371K [0x34310000, 0x34f10000, 0x38310000)
   the space 12288K,  68% used [0x34310000, 0x34b3ccd0, 0x34b3ce00, 0x34f10000)
    ro space 10240K,  45% used [0x38310000, 0x38793960, 0x38793a00, 0x38d10000)
    rw space 12288K,  54% used [0x38d10000, 0x393974d8, 0x39397600, 0x39910000)
}
Event: 29.468 GC heap before
{Heap before GC invocations=79 (full 6):
 def new generation   total 30528K, used 27832K [0x24310000, 0x26430000, 0x29860000)
  eden space 27136K, 100% used [0x24310000, 0x25d90000, 0x25d90000)
  from space 3392K,  20% used [0x25d90000, 0x25e3e330, 0x260e0000)
  to   space 3392K,   0% used [0x260e0000, 0x260e0000, 0x26430000)
 tenured generation   total 67660K, used 65117K [0x29860000, 0x2da73000, 0x34310000)
   the space 67660K,  96% used [0x29860000, 0x2d7f7708, 0x2d7f7800, 0x2da73000)
 compacting perm gen  total 12288K, used 8371K [0x34310000, 0x34f10000, 0x38310000)
   the space 12288K,  68% used [0x34310000, 0x34b3cce0, 0x34b3ce00, 0x34f10000)
    ro space 10240K,  45% used [0x38310000, 0x38793960, 0x38793a00, 0x38d10000)
    rw space 12288K,  54% used [0x38d10000, 0x393974d8, 0x39397600, 0x39910000)
Event: 29.470 GC heap after
Heap after GC invocations=80 (full 6):
 def new generation   total 30528K, used 741K [0x24310000, 0x26430000, 0x29860000)
  eden space 27136K,   0% used [0x24310000, 0x24310000, 0x25d90000)
  from space 3392K,  21% used [0x260e0000, 0x26199478, 0x26430000)
  to   space 3392K,   0% used [0x25d90000, 0x25d90000, 0x260e0000)
 tenured generation   total 67660K, used 65117K [0x29860000, 0x2da73000, 0x34310000)
   the space 67660K,  96% used [0x29860000, 0x2d7f7708, 0x2d7f7800, 0x2da73000)
 compacting perm gen  total 12288K, used 8371K [0x34310000, 0x34f10000, 0x38310000)
   the space 12288K,  68% used [0x34310000, 0x34b3cce0, 0x34b3ce00, 0x34f10000)
    ro space 10240K,  45% used [0x38310000, 0x38793960, 0x38793a00, 0x38d10000)
    rw space 12288K,  54% used [0x38d10000, 0x393974d8, 0x39397600, 0x39910000)
}
Event: 30.842 GC heap before
{Heap before GC invocations=80 (full 6):
 def new generation   total 30528K, used 27877K [0x24310000, 0x26430000, 0x29860000)
  eden space 27136K, 100% used [0x24310000, 0x25d90000, 0x25d90000)
  from space 3392K,  21% used [0x260e0000, 0x26199478, 0x26430000)
  to   space 3392K,   0% used [0x25d90000, 0x25d90000, 0x260e0000)
 tenured generation   total 67660K, used 65117K [0x29860000, 0x2da73000, 0x34310000)
   the space 67660K,  96% used [0x29860000, 0x2d7f7708, 0x2d7f7800, 0x2da73000)
 compacting perm gen  total 12288K, used 8371K [0x34310000, 0x34f10000, 0x38310000)
   the space 12288K,  68% used [0x34310000, 0x34b3cd10, 0x34b3ce00, 0x34f10000)
    ro space 10240K,  45% used [0x38310000, 0x38793960, 0x38793a00, 0x38d10000)
    rw space 12288K,  54% used [0x38d10000, 0x393974d8, 0x39397600, 0x39910000)
Event: 30.844 GC heap after
Heap after GC invocations=81 (full 6):
 def new generation   total 30528K, used 604K [0x24310000, 0x26430000, 0x29860000)
  eden space 27136K,   0% used [0x24310000, 0x24310000, 0x25d90000)
  from space 3392K,  17% used [0x25d90000, 0x25e272c0, 0x260e0000)
  to   space 3392K,   0% used [0x260e0000, 0x260e0000, 0x26430000)
 tenured generation   total 67660K, used 65117K [0x29860000, 0x2da73000, 0x34310000)
   the space 67660K,  96% used [0x29860000, 0x2d7f7708, 0x2d7f7800, 0x2da73000)
 compacting perm gen  total 12288K, used 8371K [0x34310000, 0x34f10000, 0x38310000)
   the space 12288K,  68% used [0x34310000, 0x34b3cd10, 0x34b3ce00, 0x34f10000)
    ro space 10240K,  45% used [0x38310000, 0x38793960, 0x38793a00, 0x38d10000)
    rw space 12288K,  54% used [0x38d10000, 0x393974d8, 0x39397600, 0x39910000)
}
Event: 32.344 GC heap before
{Heap before GC invocations=81 (full 6):
 def new generation   total 30528K, used 27740K [0x24310000, 0x26430000, 0x29860000)
  eden space 27136K, 100% used [0x24310000, 0x25d90000, 0x25d90000)
  from space 3392K,  17% used [0x25d90000, 0x25e272c0, 0x260e0000)
  to   space 3392K,   0% used [0x260e0000, 0x260e0000, 0x26430000)
 tenured generation   total 67660K, used 65117K [0x29860000, 0x2da73000, 0x34310000)
   the space 67660K,  96% used [0x29860000, 0x2d7f7708, 0x2d7f7800, 0x2da73000)
 compacting perm gen  total 12288K, used 8371K [0x34310000, 0x34f10000, 0x38310000)
   the space 12288K,  68% used [0x34310000, 0x34b3cda0, 0x34b3ce00, 0x34f10000)
    ro space 10240K,  45% used [0x38310000, 0x38793960, 0x38793a00, 0x38d10000)
    rw space 12288K,  54% used [0x38d10000, 0x393974d8, 0x39397600, 0x39910000)
Event: 32.346 GC heap after
Heap after GC invocations=82 (full 6):
 def new generation   total 30528K, used 672K [0x24310000, 0x26430000, 0x29860000)
  eden space 27136K,   0% used [0x24310000, 0x24310000, 0x25d90000)
  from space 3392K,  19% used [0x260e0000, 0x261882e8, 0x26430000)
  to   space 3392K,   0% used [0x25d90000, 0x25d90000, 0x260e0000)
 tenured generation   total 67660K, used 65117K [0x29860000, 0x2da73000, 0x34310000)
   the space 67660K,  96% used [0x29860000, 0x2d7f7708, 0x2d7f7800, 0x2da73000)
 compacting perm gen  total 12288K, used 8371K [0x34310000, 0x34f10000, 0x38310000)
   the space 12288K,  68% used [0x34310000, 0x34b3cda0, 0x34b3ce00, 0x34f10000)
    ro space 10240K,  45% used [0x38310000, 0x38793960, 0x38793a00, 0x38d10000)
    rw space 12288K,  54% used [0x38d10000, 0x393974d8, 0x39397600, 0x39910000)
}
Event: 33.972 GC heap before
{Heap before GC invocations=82 (full 6):
 def new generation   total 30528K, used 27808K [0x24310000, 0x26430000, 0x29860000)
  eden space 27136K, 100% used [0x24310000, 0x25d90000, 0x25d90000)
  from space 3392K,  19% used [0x260e0000, 0x261882e8, 0x26430000)
  to   space 3392K,   0% used [0x25d90000, 0x25d90000, 0x260e0000)
 tenured generation   total 67660K, used 65117K [0x29860000, 0x2da73000, 0x34310000)
   the space 67660K,  96% used [0x29860000, 0x2d7f7708, 0x2d7f7800, 0x2da73000)
 compacting perm gen  total 12288K, used 8371K [0x34310000, 0x34f10000, 0x38310000)
   the space 12288K,  68% used [0x34310000, 0x34b3cda0, 0x34b3ce00, 0x34f10000)
    ro space 10240K,  45% used [0x38310000, 0x38793960, 0x38793a00, 0x38d10000)
    rw space 12288K,  54% used [0x38d10000, 0x393974d8, 0x39397600, 0x39910000)
Event: 33.975 GC heap after
Heap after GC invocations=83 (full 6):
 def new generation   total 30528K, used 659K [0x24310000, 0x26430000, 0x29860000)
  eden space 27136K,   0% used [0x24310000, 0x24310000, 0x25d90000)
  from space 3392K,  19% used [0x25d90000, 0x25e34e38, 0x260e0000)
  to   space 3392K,   0% used [0x260e0000, 0x260e0000, 0x26430000)
 tenured generation   total 67660K, used 65201K [0x29860000, 0x2da73000, 0x34310000)
   the space 67660K,  96% used [0x29860000, 0x2d80c6d8, 0x2d80c800, 0x2da73000)
 compacting perm gen  total 12288K, used 8371K [0x34310000, 0x34f10000, 0x38310000)
   the space 12288K,  68% used [0x34310000, 0x34b3cda0, 0x34b3ce00, 0x34f10000)
    ro space 10240K,  45% used [0x38310000, 0x38793960, 0x38793a00, 0x38d10000)
    rw space 12288K,  54% used [0x38d10000, 0x393974d8, 0x39397600, 0x39910000)
}

