# JRE version: 7.0_04-b22
# Java VM: Java HotSpot(TM) Client VM (23.0-b21 mixed mode, sharing windows-x86 )
Heap
 def new generation   total 32128K, used 17715K [0x24580000, 0x26850000, 0x29ad0000)
  eden space 28608K,  61% used [0x24580000, 0x256c4908, 0x26170000)
  from space 3520K,   0% used [0x26170000, 0x261784c8, 0x264e0000)
  to   space 3520K,   0% used [0x264e0000, 0x264e0000, 0x26850000)
 tenured generation   total 71156K, used 67465K [0x29ad0000, 0x2e04d000, 0x34580000)
   the space 71156K,  94% used [0x29ad0000, 0x2dcb2468, 0x2dcb2600, 0x2e04d000)
 compacting perm gen  total 12288K, used 8998K [0x34580000, 0x35180000, 0x38580000)
   the space 12288K,  73% used [0x34580000, 0x34e499b8, 0x34e49a00, 0x35180000)
    ro space 10240K,  45% used [0x38580000, 0x38a03958, 0x38a03a00, 0x38f80000)
    rw space 12288K,  54% used [0x38f80000, 0x39607498, 0x39607600, 0x39b80000)
GC Heap History (10 events):
Event: 82.121 GC heap before
{Heap before GC invocations=126 (full 6):
 def new generation   total 32128K, used 28727K [0x24580000, 0x26850000, 0x29ad0000)
  eden space 28608K, 100% used [0x24580000, 0x26170000, 0x26170000)
  from space 3520K,   3% used [0x264e0000, 0x264fdeb0, 0x26850000)
  to   space 3520K,   0% used [0x26170000, 0x26170000, 0x264e0000)
 tenured generation   total 71156K, used 67360K [0x29ad0000, 0x2e04d000, 0x34580000)
   the space 71156K,  94% used [0x29ad0000, 0x2dc980c0, 0x2dc98200, 0x2e04d000)
 compacting perm gen  total 12288K, used 8962K [0x34580000, 0x35180000, 0x38580000)
   the space 12288K,  72% used [0x34580000, 0x34e40840, 0x34e40a00, 0x35180000)
    ro space 10240K,  45% used [0x38580000, 0x38a03958, 0x38a03a00, 0x38f80000)
    rw space 12288K,  54% used [0x38f80000, 0x39607498, 0x39607600, 0x39b80000)
Event: 82.127 GC heap after
Heap after GC invocations=127 (full 6):
 def new generation   total 32128K, used 118K [0x24580000, 0x26850000, 0x29ad0000)
  eden space 28608K,   0% used [0x24580000, 0x24580000, 0x26170000)
  from space 3520K,   3% used [0x26170000, 0x2618da30, 0x264e0000)
  to   space 3520K,   0% used [0x264e0000, 0x264e0000, 0x26850000)
 tenured generation   total 71156K, used 67361K [0x29ad0000, 0x2e04d000, 0x34580000)
   the space 71156K,  94% used [0x29ad0000, 0x2dc986d0, 0x2dc98800, 0x2e04d000)
 compacting perm gen  total 12288K, used 8962K [0x34580000, 0x35180000, 0x38580000)
   the space 12288K,  72% used [0x34580000, 0x34e40840, 0x34e40a00, 0x35180000)
    ro space 10240K,  45% used [0x38580000, 0x38a03958, 0x38a03a00, 0x38f80000)
    rw space 12288K,  54% used [0x38f80000, 0x39607498, 0x39607600, 0x39b80000)
}
Event: 83.781 GC heap before
{Heap before GC invocations=127 (full 6):
 def new generation   total 32128K, used 28726K [0x24580000, 0x26850000, 0x29ad0000)
  eden space 28608K, 100% used [0x24580000, 0x26170000, 0x26170000)
  from space 3520K,   3% used [0x26170000, 0x2618da30, 0x264e0000)
  to   space 3520K,   0% used [0x264e0000, 0x264e0000, 0x26850000)
 tenured generation   total 71156K, used 67361K [0x29ad0000, 0x2e04d000, 0x34580000)
   the space 71156K,  94% used [0x29ad0000, 0x2dc986d0, 0x2dc98800, 0x2e04d000)
 compacting perm gen  total 12288K, used 8962K [0x34580000, 0x35180000, 0x38580000)
   the space 12288K,  72% used [0x34580000, 0x34e40840, 0x34e40a00, 0x35180000)
    ro space 10240K,  45% used [0x38580000, 0x38a03958, 0x38a03a00, 0x38f80000)
    rw space 12288K,  54% used [0x38f80000, 0x39607498, 0x39607600, 0x39b80000)
Event: 83.789 GC heap after
Heap after GC invocations=128 (full 6):
 def new generation   total 32128K, used 34K [0x24580000, 0x26850000, 0x29ad0000)
  eden space 28608K,   0% used [0x24580000, 0x24580000, 0x26170000)
  from space 3520K,   0% used [0x264e0000, 0x264e8838, 0x26850000)
  to   space 3520K,   0% used [0x26170000, 0x26170000, 0x264e0000)
 tenured generation   total 71156K, used 67446K [0x29ad0000, 0x2e04d000, 0x34580000)
   the space 71156K,  94% used [0x29ad0000, 0x2dcadb48, 0x2dcadc00, 0x2e04d000)
 compacting perm gen  total 12288K, used 8962K [0x34580000, 0x35180000, 0x38580000)
   the space 12288K,  72% used [0x34580000, 0x34e40840, 0x34e40a00, 0x35180000)
    ro space 10240K,  45% used [0x38580000, 0x38a03958, 0x38a03a00, 0x38f80000)
    rw space 12288K,  54% used [0x38f80000, 0x39607498, 0x39607600, 0x39b80000)
}
Event: 85.179 GC heap before
{Heap before GC invocations=128 (full 6):
 def new generation   total 32128K, used 28642K [0x24580000, 0x26850000, 0x29ad0000)
  eden space 28608K, 100% used [0x24580000, 0x26170000, 0x26170000)
  from space 3520K,   0% used [0x264e0000, 0x264e8838, 0x26850000)
  to   space 3520K,   0% used [0x26170000, 0x26170000, 0x264e0000)
 tenured generation   total 71156K, used 67446K [0x29ad0000, 0x2e04d000, 0x34580000)
   the space 71156K,  94% used [0x29ad0000, 0x2dcadb48, 0x2dcadc00, 0x2e04d000)
 compacting perm gen  total 12288K, used 8962K [0x34580000, 0x35180000, 0x38580000)
   the space 12288K,  72% used [0x34580000, 0x34e40860, 0x34e40a00, 0x35180000)
    ro space 10240K,  45% used [0x38580000, 0x38a03958, 0x38a03a00, 0x38f80000)
    rw space 12288K,  54% used [0x38f80000, 0x39607498, 0x39607600, 0x39b80000)
Event: 85.186 GC heap after
Heap after GC invocations=129 (full 6):
 def new generation   total 32128K, used 30K [0x24580000, 0x26850000, 0x29ad0000)
  eden space 28608K,   0% used [0x24580000, 0x24580000, 0x26170000)
  from space 3520K,   0% used [0x26170000, 0x26177900, 0x264e0000)
  to   space 3520K,   0% used [0x264e0000, 0x264e0000, 0x26850000)
 tenured generation   total 71156K, used 67447K [0x29ad0000, 0x2e04d000, 0x34580000)
   the space 71156K,  94% used [0x29ad0000, 0x2dcadf70, 0x2dcae000, 0x2e04d000)
 compacting perm gen  total 12288K, used 8962K [0x34580000, 0x35180000, 0x38580000)
   the space 12288K,  72% used [0x34580000, 0x34e40860, 0x34e40a00, 0x35180000)
    ro space 10240K,  45% used [0x38580000, 0x38a03958, 0x38a03a00, 0x38f80000)
    rw space 12288K,  54% used [0x38f80000, 0x39607498, 0x39607600, 0x39b80000)
}
Event: 86.557 GC heap before
{Heap before GC invocations=129 (full 6):
 def new generation   total 32128K, used 28638K [0x24580000, 0x26850000, 0x29ad0000)
  eden space 28608K, 100% used [0x24580000, 0x26170000, 0x26170000)
  from space 3520K,   0% used [0x26170000, 0x26177900, 0x264e0000)
  to   space 3520K,   0% used [0x264e0000, 0x264e0000, 0x26850000)
 tenured generation   total 71156K, used 67447K [0x29ad0000, 0x2e04d000, 0x34580000)
   the space 71156K,  94% used [0x29ad0000, 0x2dcadf70, 0x2dcae000, 0x2e04d000)
 compacting perm gen  total 12288K, used 8962K [0x34580000, 0x35180000, 0x38580000)
   the space 12288K,  72% used [0x34580000, 0x34e40870, 0x34e40a00, 0x35180000)
    ro space 10240K,  45% used [0x38580000, 0x38a03958, 0x38a03a00, 0x38f80000)
    rw space 12288K,  54% used [0x38f80000, 0x39607498, 0x39607600, 0x39b80000)
Event: 86.565 GC heap after
Heap after GC invocations=130 (full 6):
 def new generation   total 32128K, used 7K [0x24580000, 0x26850000, 0x29ad0000)
  eden space 28608K,   0% used [0x24580000, 0x24580000, 0x26170000)
  from space 3520K,   0% used [0x264e0000, 0x264e1d68, 0x26850000)
  to   space 3520K,   0% used [0x26170000, 0x26170000, 0x264e0000)
 tenured generation   total 71156K, used 67465K [0x29ad0000, 0x2e04d000, 0x34580000)
   the space 71156K,  94% used [0x29ad0000, 0x2dcb2468, 0x2dcb2600, 0x2e04d000)
 compacting perm gen  total 12288K, used 8962K [0x34580000, 0x35180000, 0x38580000)
   the space 12288K,  72% used [0x34580000, 0x34e40870, 0x34e40a00, 0x35180000)
    ro space 10240K,  45% used [0x38580000, 0x38a03958, 0x38a03a00, 0x38f80000)
    rw space 12288K,  54% used [0x38f80000, 0x39607498, 0x39607600, 0x39b80000)
}
Event: 88.205 GC heap before
{Heap before GC invocations=130 (full 6):
 def new generation   total 32128K, used 28615K [0x24580000, 0x26850000, 0x29ad0000)
  eden space 28608K, 100% used [0x24580000, 0x26170000, 0x26170000)
  from space 3520K,   0% used [0x264e0000, 0x264e1d68, 0x26850000)
  to   space 3520K,   0% used [0x26170000, 0x26170000, 0x264e0000)
 tenured generation   total 71156K, used 67465K [0x29ad0000, 0x2e04d000, 0x34580000)
   the space 71156K,  94% used [0x29ad0000, 0x2dcb2468, 0x2dcb2600, 0x2e04d000)
 compacting perm gen  total 12288K, used 8978K [0x34580000, 0x35180000, 0x38580000)
   the space 12288K,  73% used [0x34580000, 0x34e44858, 0x34e44a00, 0x35180000)
    ro space 10240K,  45% used [0x38580000, 0x38a03958, 0x38a03a00, 0x38f80000)
    rw space 12288K,  54% used [0x38f80000, 0x39607498, 0x39607600, 0x39b80000)
Event: 88.213 GC heap after
Heap after GC invocations=131 (full 6):
 def new generation   total 32128K, used 33K [0x24580000, 0x26850000, 0x29ad0000)
  eden space 28608K,   0% used [0x24580000, 0x24580000, 0x26170000)
  from space 3520K,   0% used [0x26170000, 0x261784c8, 0x264e0000)
  to   space 3520K,   0% used [0x264e0000, 0x264e0000, 0x26850000)
 tenured generation   total 71156K, used 67465K [0x29ad0000, 0x2e04d000, 0x34580000)
   the space 71156K,  94% used [0x29ad0000, 0x2dcb2468, 0x2dcb2600, 0x2e04d000)
 compacting perm gen  total 12288K, used 8978K [0x34580000, 0x35180000, 0x38580000)
   the space 12288K,  73% used [0x34580000, 0x34e44858, 0x34e44a00, 0x35180000)
    ro space 10240K,  45% used [0x38580000, 0x38a03958, 0x38a03a00, 0x38f80000)
    rw space 12288K,  54% used [0x38f80000, 0x39607498, 0x39607600, 0x39b80000)
}

